<?xml version="1.0" encoding="UTF-8"?>
<testsuite name="com.monogo.demo.repository.CategoryRepositoryTest" time="0.46" tests="2" errors="1" skipped="0" failures="0">
  <properties>
    <property name="java.runtime.name" value="Java(TM) SE Runtime Environment"/>
    <property name="sun.boot.library.path" value="C:\Program Files\Java\jdk1.8.0_171\jre\bin"/>
    <property name="java.vm.version" value="25.171-b11"/>
    <property name="java.vm.vendor" value="Oracle Corporation"/>
    <property name="maven.multiModuleProjectDirectory" value="D:\Study\Spring\spring-mongo-aggregator-composite-key-example-master"/>
    <property name="java.vendor.url" value="http://java.oracle.com/"/>
    <property name="path.separator" value=";"/>
    <property name="guice.disable.misplaced.annotation.check" value="true"/>
    <property name="java.vm.name" value="Java HotSpot(TM) 64-Bit Server VM"/>
    <property name="file.encoding.pkg" value="sun.io"/>
    <property name="user.script" value=""/>
    <property name="user.country" value="IN"/>
    <property name="sun.java.launcher" value="SUN_STANDARD"/>
    <property name="sun.os.patch.level" value=""/>
    <property name="java.vm.specification.name" value="Java Virtual Machine Specification"/>
    <property name="user.dir" value="D:\Study\Spring\spring-mongo-aggregator-composite-key-example-master"/>
    <property name="java.runtime.version" value="1.8.0_171-b11"/>
    <property name="java.awt.graphicsenv" value="sun.awt.Win32GraphicsEnvironment"/>
    <property name="java.endorsed.dirs" value="C:\Program Files\Java\jdk1.8.0_171\jre\lib\endorsed"/>
    <property name="os.arch" value="amd64"/>
    <property name="java.io.tmpdir" value="C:\Users\asker\AppData\Local\Temp\"/>
    <property name="line.separator" value="&#10;"/>
    <property name="java.vm.specification.vendor" value="Oracle Corporation"/>
    <property name="user.variant" value=""/>
    <property name="os.name" value="Windows 10"/>
    <property name="classworlds.conf" value="D:\Software\Oracle\java\apache-maven-3.5.4\bin\..\bin\m2.conf"/>
    <property name="sun.jnu.encoding" value="Cp1252"/>
    <property name="java.library.path" value="C:\Program Files\Java\jdk1.8.0_171\bin;C:\WINDOWS\Sun\Java\bin;C:\WINDOWS\system32;C:\WINDOWS;D:\Software\IDE\Cmder\bin;D:\Software\IDE\Cmder\vendor\bin;D:\Software\IDE\Cmder\vendor\conemu-maximus5\ConEmu\Scripts;D:\Software\IDE\Cmder\vendor\conemu-maximus5;D:\Software\IDE\Cmder\vendor\conemu-maximus5\ConEmu;C:\Program Files (x86)\Common Files\Oracle\Java\javapath;C:\Program Files\Java\jdk1.8.0_171\bin;C:\Program Files (x86)\Intel\iCLS Client\;C:\Program Files\Intel\iCLS Client\;C:\WINDOWS\system32;C:\WINDOWS;C:\WINDOWS\System32\Wbem;C:\WINDOWS\System32\WindowsPowerShell\v1.0\;C:\Program Files (x86)\Intel\Intel(R) Management Engine Components\DAL;C:\Program Files\Intel\Intel(R) Management Engine Components\DAL;C:\Program Files (x86)\Intel\Intel(R) Management Engine Components\IPT;C:\Program Files\Intel\Intel(R) Management Engine Components\IPT;C:\Program Files\nodejs\;C:\Program Files\PuTTY\;C:\Program Files\Geth;c:\selenium;C:\WINDOWS\System32\OpenSSH\;C:\Program Files\Microsoft VS Code\bin;D:\Study\ApacheSpark\software\spark-2.3.1-bin-hadoop2.7\bin;C:\winutils\\bin;C:\Program Files\TortoiseSVN\bin;C:\Program Files (x86)\sbt\bin;C:\Program Files\Git\cmd;C:\Program Files\TortoiseGit\bin;C:\Program Files\Intel\WiFi\bin\;C:\Program Files\Common Files\Intel\WirelessCommon\;C:\ProgramData\chocolatey\bin;D:\Installation\Apache\apache-zookeeper-3.5.5\bin;D:\Installation\Nginx\nginx-1.16.1;D:\Software\Oracle\java\gradle-5.6.2\bin;C:\Users\asker\AppData\Local\Microsoft\WindowsApps;C:\Users\asker\AppData\Roaming\npm;D:\Software\Oracle\java\apache-ant-1.9.11\bin;C:\Program Files\Java\jdk1.8.0_171\bin;C:\Program Files\Docker Toolbox;C:\Program Files\Microsoft VS Code\bin;C:\Users\asker\AppData\Local\GitHubDesktop\bin;C:\Users\asker\AppData\Local\atom\bin;c:\selenium;D:\Software\Oracle\java\apache-maven-3.5.4\bin;C:\Users\asker\AppData\Local\Microsoft\WindowsApps;D:\Software\Oracle\java\gradle-5.6.2\bin;C:\Program Files (x86)\sbt\bin;c:\Program Files\R\R-3.5.2\bin\x64\;D:\Study\ApacheSpark\software\spark-2.3.1-bin-hadoop2.7\bin;C:\Program Files\Java\jdk1.8.0_171\bin;D:\Study\Vertx\Libraries\vertx\bin;C:\Program Files\Git\cmd;C:\Program Files\Git\mingw64\bin;C:\Program Files\Git\usr\bin;D:\Software\IDE\Cmder;."/>
    <property name="maven.conf" value="D:\Software\Oracle\java\apache-maven-3.5.4\bin\../conf"/>
    <property name="java.specification.name" value="Java Platform API Specification"/>
    <property name="java.class.version" value="52.0"/>
    <property name="sun.management.compiler" value="HotSpot 64-Bit Tiered Compilers"/>
    <property name="os.version" value="10.0"/>
    <property name="library.jansi.path" value="D:\Software\Oracle\java\apache-maven-3.5.4\bin\..\lib\jansi-native"/>
    <property name="user.home" value="C:\Users\asker"/>
    <property name="user.timezone" value="GMT+03:00"/>
    <property name="java.awt.printerjob" value="sun.awt.windows.WPrinterJob"/>
    <property name="java.specification.version" value="1.8"/>
    <property name="file.encoding" value="Cp1252"/>
    <property name="user.name" value="asker"/>
    <property name="java.class.path" value="D:\Software\Oracle\java\apache-maven-3.5.4\bin\..\boot\plexus-classworlds-2.5.2.jar"/>
    <property name="java.vm.specification.version" value="1.8"/>
    <property name="sun.arch.data.model" value="64"/>
    <property name="java.home" value="C:\Program Files\Java\jdk1.8.0_171\jre"/>
    <property name="sun.java.command" value="org.codehaus.plexus.classworlds.launcher.Launcher clean install"/>
    <property name="java.specification.vendor" value="Oracle Corporation"/>
    <property name="user.language" value="en"/>
    <property name="awt.toolkit" value="sun.awt.windows.WToolkit"/>
    <property name="java.vm.info" value="mixed mode"/>
    <property name="java.version" value="1.8.0_171"/>
    <property name="java.ext.dirs" value="C:\Program Files\Java\jdk1.8.0_171\jre\lib\ext;C:\WINDOWS\Sun\Java\lib\ext"/>
    <property name="sun.boot.class.path" value="C:\Program Files\Java\jdk1.8.0_171\jre\lib\resources.jar;C:\Program Files\Java\jdk1.8.0_171\jre\lib\rt.jar;C:\Program Files\Java\jdk1.8.0_171\jre\lib\sunrsasign.jar;C:\Program Files\Java\jdk1.8.0_171\jre\lib\jsse.jar;C:\Program Files\Java\jdk1.8.0_171\jre\lib\jce.jar;C:\Program Files\Java\jdk1.8.0_171\jre\lib\charsets.jar;C:\Program Files\Java\jdk1.8.0_171\jre\lib\jfr.jar;C:\Program Files\Java\jdk1.8.0_171\jre\classes"/>
    <property name="sun.stderr.encoding" value="cp437"/>
    <property name="java.vendor" value="Oracle Corporation"/>
    <property name="maven.home" value="D:\Software\Oracle\java\apache-maven-3.5.4\bin\.."/>
    <property name="file.separator" value="\"/>
    <property name="java.vendor.url.bug" value="http://bugreport.sun.com/bugreport/"/>
    <property name="sun.cpu.endian" value="little"/>
    <property name="sun.io.unicode.encoding" value="UnicodeLittle"/>
    <property name="sun.stdout.encoding" value="cp437"/>
    <property name="sun.desktop" value="windows"/>
    <property name="sun.cpu.isalist" value="amd64"/>
  </properties>
  <testcase name="shouldReturnAllCategories" classname="com.monogo.demo.repository.CategoryRepositoryTest" time="0.425">
    <error message="Query failed with error code 2 and error message &apos;unknown top level operator: $group&apos; on server localhost:27017; nested exception is com.mongodb.MongoQueryException: Query failed with error code 2 and error message &apos;unknown top level operator: $group&apos; on server localhost:27017" type="org.springframework.data.mongodb.UncategorizedMongoDbException">org.springframework.data.mongodb.UncategorizedMongoDbException: Query failed with error code 2 and error message 'unknown top level operator: $group' on server localhost:27017; nested exception is com.mongodb.MongoQueryException: Query failed with error code 2 and error message 'unknown top level operator: $group' on server localhost:27017
	at com.mongodb.operation.FindOperation$1.call(FindOperation.java:521)
	at com.mongodb.operation.FindOperation$1.call(FindOperation.java:510)
	at com.mongodb.operation.OperationHelper.withConnectionSource(OperationHelper.java:435)
	at com.mongodb.operation.OperationHelper.withConnection(OperationHelper.java:408)
	at com.mongodb.operation.FindOperation.execute(FindOperation.java:510)
	at com.mongodb.operation.FindOperation.execute(FindOperation.java:81)
	at com.mongodb.Mongo.execute(Mongo.java:836)
	at com.mongodb.Mongo$2.execute(Mongo.java:823)
	at com.mongodb.DBCursor.initializeCursor(DBCursor.java:870)
	at com.mongodb.DBCursor.hasNext(DBCursor.java:142)
	at org.springframework.data.mongodb.core.MongoTemplate.executeFindMultiInternal(MongoTemplate.java:1960)
	at org.springframework.data.mongodb.core.MongoTemplate.doFind(MongoTemplate.java:1780)
	at org.springframework.data.mongodb.core.MongoTemplate.doFind(MongoTemplate.java:1763)
	at org.springframework.data.mongodb.core.MongoTemplate.find(MongoTemplate.java:644)
	at org.springframework.data.mongodb.core.MongoTemplate.findOne(MongoTemplate.java:609)
	at org.springframework.data.mongodb.repository.query.MongoQueryExecution$SingleEntityExecution.execute(MongoQueryExecution.java:173)
	at org.springframework.data.mongodb.repository.query.MongoQueryExecution$ResultProcessingExecution.execute(MongoQueryExecution.java:411)
	at org.springframework.data.mongodb.repository.query.AbstractMongoQuery.execute(AbstractMongoQuery.java:94)
	at org.springframework.data.repository.core.support.RepositoryFactorySupport$QueryExecutorMethodInterceptor.doInvoke(RepositoryFactorySupport.java:492)
	at org.springframework.data.repository.core.support.RepositoryFactorySupport$QueryExecutorMethodInterceptor.invoke(RepositoryFactorySupport.java:475)
	at org.springframework.aop.framework.ReflectiveMethodInvocation.proceed(ReflectiveMethodInvocation.java:179)
	at org.springframework.data.projection.DefaultMethodInvokingMethodInterceptor.invoke(DefaultMethodInvokingMethodInterceptor.java:56)
	at org.springframework.aop.framework.ReflectiveMethodInvocation.proceed(ReflectiveMethodInvocation.java:179)
	at org.springframework.aop.interceptor.ExposeInvocationInterceptor.invoke(ExposeInvocationInterceptor.java:92)
	at org.springframework.aop.framework.ReflectiveMethodInvocation.proceed(ReflectiveMethodInvocation.java:179)
	at org.springframework.data.repository.core.support.SurroundingTransactionDetectorMethodInterceptor.invoke(SurroundingTransactionDetectorMethodInterceptor.java:57)
	at org.springframework.aop.framework.ReflectiveMethodInvocation.proceed(ReflectiveMethodInvocation.java:179)
	at org.springframework.aop.framework.JdkDynamicAopProxy.invoke(JdkDynamicAopProxy.java:213)
	at com.sun.proxy.$Proxy67.groupByName(Unknown Source)
	at sun.reflect.NativeMethodAccessorImpl.invoke0(Native Method)
	at sun.reflect.NativeMethodAccessorImpl.invoke(NativeMethodAccessorImpl.java:62)
	at sun.reflect.DelegatingMethodAccessorImpl.invoke(DelegatingMethodAccessorImpl.java:43)
	at java.lang.reflect.Method.invoke(Method.java:498)
	at org.springframework.aop.support.AopUtils.invokeJoinpointUsingReflection(AopUtils.java:333)
	at org.springframework.aop.framework.ReflectiveMethodInvocation.invokeJoinpoint(ReflectiveMethodInvocation.java:190)
	at org.springframework.aop.framework.ReflectiveMethodInvocation.proceed(ReflectiveMethodInvocation.java:157)
	at org.springframework.dao.support.PersistenceExceptionTranslationInterceptor.invoke(PersistenceExceptionTranslationInterceptor.java:136)
	at org.springframework.aop.framework.ReflectiveMethodInvocation.proceed(ReflectiveMethodInvocation.java:179)
	at org.springframework.aop.framework.JdkDynamicAopProxy.invoke(JdkDynamicAopProxy.java:213)
	at com.sun.proxy.$Proxy67.groupByName(Unknown Source)
	at com.monogo.demo.repository.CategoryRepositoryTest.shouldReturnAllCategories(CategoryRepositoryTest.java:42)
</error>
    <system-out><![CDATA[2019-10-17 10:33:07.581  INFO 13332 --- [           main] .b.t.c.SpringBootTestContextBootstrapper : Neither @ContextConfiguration nor @ContextHierarchy found for test class [com.monogo.demo.repository.CategoryRepositoryTest], using SpringBootContextLoader
2019-10-17 10:33:07.584  INFO 13332 --- [           main] o.s.t.c.support.AbstractContextLoader    : Could not detect default resource locations for test class [com.monogo.demo.repository.CategoryRepositoryTest]: no resource found for suffixes {-context.xml, Context.groovy}.
2019-10-17 10:33:07.591  INFO 13332 --- [           main] .b.t.c.SpringBootTestContextBootstrapper : Loaded default TestExecutionListener class names from location [META-INF/spring.factories]: [org.springframework.boot.test.mock.mockito.MockitoTestExecutionListener, org.springframework.boot.test.mock.mockito.ResetMocksTestExecutionListener, org.springframework.boot.test.autoconfigure.restdocs.RestDocsTestExecutionListener, org.springframework.boot.test.autoconfigure.web.client.MockRestServiceServerResetTestExecutionListener, org.springframework.boot.test.autoconfigure.web.servlet.MockMvcPrintOnlyOnFailureTestExecutionListener, org.springframework.boot.test.autoconfigure.web.servlet.WebDriverTestExecutionListener, org.springframework.test.context.web.ServletTestExecutionListener, org.springframework.test.context.support.DirtiesContextBeforeModesTestExecutionListener, org.springframework.test.context.support.DependencyInjectionTestExecutionListener, org.springframework.test.context.support.DirtiesContextTestExecutionListener, org.springframework.test.context.transaction.TransactionalTestExecutionListener, org.springframework.test.context.jdbc.SqlScriptsTestExecutionListener]
2019-10-17 10:33:07.594  INFO 13332 --- [           main] .b.t.c.SpringBootTestContextBootstrapper : Using TestExecutionListeners: [org.springframework.test.context.web.ServletTestExecutionListener@a5bbaec, org.springframework.test.context.support.DirtiesContextBeforeModesTestExecutionListener@6d60899e, org.springframework.boot.test.autoconfigure.SpringBootDependencyInjectionTestExecutionListener@65eb76cd, org.springframework.test.context.support.DirtiesContextTestExecutionListener@6415f61e, org.springframework.test.context.transaction.TransactionalTestExecutionListener@334ebcaa, org.springframework.test.context.jdbc.SqlScriptsTestExecutionListener@5a0bef24, org.springframework.boot.test.mock.mockito.MockitoTestExecutionListener@6468a7b6, org.springframework.boot.test.mock.mockito.ResetMocksTestExecutionListener@2f860823, org.springframework.boot.test.autoconfigure.restdocs.RestDocsTestExecutionListener@696b4a95, org.springframework.boot.test.autoconfigure.web.client.MockRestServiceServerResetTestExecutionListener@6c1cfa53, org.springframework.boot.test.autoconfigure.web.servlet.MockMvcPrintOnlyOnFailureTestExecutionListener@4d68b571, org.springframework.boot.test.autoconfigure.web.servlet.WebDriverTestExecutionListener@52b06bef]
]]></system-out>
  </testcase>
  <testcase name="shouldSaveTheCategory" classname="com.monogo.demo.repository.CategoryRepositoryTest" time="0.035"/>
</testsuite>